\BOOKMARK [0][-]{chapter*.2}{Background}{}% 1
\BOOKMARK [1][-]{section.1.1}{Black yeasts' reaction on different environmental conditions}{chapter*.2}% 2
\BOOKMARK [1][-]{section.1.2}{Cladophialophora immunda}{chapter*.2}% 3
\BOOKMARK [1][-]{section.1.3}{Transcriptome Analysis using RNA-seq}{chapter*.2}% 4
\BOOKMARK [1][-]{section.1.4}{Bioinformatics methods}{chapter*.2}% 5
\BOOKMARK [2][-]{subsection.1.4.1}{Workflow Systems}{section.1.4}% 6
\BOOKMARK [2][-]{subsection.1.4.2}{Algorithms}{section.1.4}% 7
\BOOKMARK [0][-]{chapter*.6}{Methods}{}% 8
\BOOKMARK [1][-]{section.2.1}{Alignment}{chapter*.6}% 9
\BOOKMARK [1][-]{section.2.2}{Transcriptome Assembly}{chapter*.6}% 10
\BOOKMARK [1][-]{section.2.3}{Genome Annotation}{chapter*.6}% 11
\BOOKMARK [1][-]{section.2.4}{Gene Expression Levels by Differential Expression}{chapter*.6}% 12
\BOOKMARK [1][-]{section.2.5}{Functional Annotation}{chapter*.6}% 13
\BOOKMARK [1][-]{section.2.6}{Enrichment Analysis}{chapter*.6}% 14
\BOOKMARK [0][-]{chapter*.7}{Results}{}% 15
\BOOKMARK [0][-]{chapter*.8}{Discussion}{}% 16
\BOOKMARK [0][-]{chapter*.9}{Conclusion}{}% 17
\BOOKMARK [0][-]{chapter*.10}{Bibliography}{}% 18
\BOOKMARK [0][-]{chapter*.11}{List of Tables}{}% 19
\BOOKMARK [0][-]{chapter*.12}{List of Figures}{}% 20
